<?xml version="1.0" encoding="UTF-8"?>
<testng-results ignored="16" total="25" passed="9" failed="0" skipped="0">
  <reporter-output>
  </reporter-output>
  <suite started-at="2021-06-24T18:07:12Z" name="Suite" finished-at="2021-06-24T18:16:42Z" duration-ms="569671">
    <groups>
    </groups>
    <test started-at="2021-06-24T18:07:12Z" name="Test" finished-at="2021-06-24T18:16:42Z" duration-ms="569671">
      <class name="com.actitime.test.Test_deletecustomer">
        <test-method is-config="true" signature="setup()[pri:0, instance:com.actitime.test.Test_deletecustomer@6c4980d3]" started-at="2021-06-24T18:10:38Z" name="setup" finished-at="2021-06-24T18:10:58Z" duration-ms="20260" status="PASS">
          <reporter-output>
          </reporter-output>
        </test-method> <!-- setup -->
        <test-method is-config="true" signature="loginToApp()[pri:0, instance:com.actitime.test.Test_deletecustomer@6c4980d3]" started-at="2021-06-24T18:10:58Z" name="loginToApp" finished-at="2021-06-24T18:10:59Z" duration-ms="797" status="PASS">
          <reporter-output>
          </reporter-output>
        </test-method> <!-- loginToApp -->
        <test-method signature="deleteacustomer()[pri:0, instance:com.actitime.test.Test_deletecustomer@6c4980d3]" started-at="2021-06-24T18:10:59Z" name="deleteacustomer" finished-at="2021-06-24T18:11:21Z" duration-ms="22309" status="PASS">
          <reporter-output>
          </reporter-output>
        </test-method> <!-- deleteacustomer -->
        <test-method is-config="true" signature="logoutFromApp()[pri:0, instance:com.actitime.test.Test_deletecustomer@6c4980d3]" started-at="2021-06-24T18:11:21Z" name="logoutFromApp" finished-at="2021-06-24T18:11:23Z" duration-ms="1606" status="FAIL">
          <exception class="org.openqa.selenium.ElementClickInterceptedException">
            <message>
              <![CDATA[element click intercepted: Element <a href="/logout.do" id="logoutLink" class="logout">...</a> is not clickable at point (1309, 17). Other element would receive the click: <div class="loadingMoire anim-fade-out" style="display: flex;">...</div>
  (Session info: chrome=91.0.4472.114)
Build info: version: '4.0.0-alpha-7', revision: 'de8579b6d5'
System info: host: 'DESKTOP-ULV4RC9', ip: '192.168.43.231', os.name: 'Windows 10', os.arch: 'amd64', os.version: '10.0', java.version: '15.0.2'
Driver info: org.openqa.selenium.chrome.ChromeDriver
Capabilities {acceptInsecureCerts: false, browserName: chrome, browserVersion: 91.0.4472.114, chrome: {chromedriverVersion: 91.0.4472.101 (af52a90bf870..., userDataDir: C:\Users\SIDHARTH\AppData\L...}, goog:chromeOptions: {debuggerAddress: localhost:56403}, javascriptEnabled: true, networkConnectionEnabled: false, pageLoadStrategy: normal, platform: WINDOWS, platformName: WINDOWS, proxy: Proxy(), setWindowRect: true, strictFileInteractability: false, timeouts: {implicit: 0, pageLoad: 300000, script: 30000}, unhandledPromptBehavior: dismiss and notify, webauthn:extension:largeBlob: true, webauthn:virtualAuthenticators: true}
Session ID: 0b205f6ba8a3c972439cf6edc6c571b5]]>
            </message>
            <full-stacktrace>
              <![CDATA[org.openqa.selenium.ElementClickInterceptedException: element click intercepted: Element <a href="/logout.do" id="logoutLink" class="logout">...</a> is not clickable at point (1309, 17). Other element would receive the click: <div class="loadingMoire anim-fade-out" style="display: flex;">...</div>
  (Session info: chrome=91.0.4472.114)
Build info: version: '4.0.0-alpha-7', revision: 'de8579b6d5'
System info: host: 'DESKTOP-ULV4RC9', ip: '192.168.43.231', os.name: 'Windows 10', os.arch: 'amd64', os.version: '10.0', java.version: '15.0.2'
Driver info: org.openqa.selenium.chrome.ChromeDriver
Capabilities {acceptInsecureCerts: false, browserName: chrome, browserVersion: 91.0.4472.114, chrome: {chromedriverVersion: 91.0.4472.101 (af52a90bf870..., userDataDir: C:\Users\SIDHARTH\AppData\L...}, goog:chromeOptions: {debuggerAddress: localhost:56403}, javascriptEnabled: true, networkConnectionEnabled: false, pageLoadStrategy: normal, platform: WINDOWS, platformName: WINDOWS, proxy: Proxy(), setWindowRect: true, strictFileInteractability: false, timeouts: {implicit: 0, pageLoad: 300000, script: 30000}, unhandledPromptBehavior: dismiss and notify, webauthn:extension:largeBlob: true, webauthn:virtualAuthenticators: true}
Session ID: 0b205f6ba8a3c972439cf6edc6c571b5
at java.base/jdk.internal.reflect.NativeConstructorAccessorImpl.newInstance0(Native Method)
at java.base/jdk.internal.reflect.NativeConstructorAccessorImpl.newInstance(NativeConstructorAccessorImpl.java:64)
at java.base/jdk.internal.reflect.DelegatingConstructorAccessorImpl.newInstance(DelegatingConstructorAccessorImpl.java:45)
at java.base/java.lang.reflect.Constructor.newInstanceWithCaller(Constructor.java:500)
at java.base/java.lang.reflect.Constructor.newInstance(Constructor.java:481)
at org.openqa.selenium.remote.codec.w3c.W3CHttpResponseCodec.createException(W3CHttpResponseCodec.java:196)
at org.openqa.selenium.remote.codec.w3c.W3CHttpResponseCodec.decode(W3CHttpResponseCodec.java:129)
at org.openqa.selenium.remote.codec.w3c.W3CHttpResponseCodec.decode(W3CHttpResponseCodec.java:53)
at org.openqa.selenium.remote.HttpCommandExecutor.execute(HttpCommandExecutor.java:167)
at org.openqa.selenium.remote.service.DriverCommandExecutor.execute(DriverCommandExecutor.java:123)
at org.openqa.selenium.remote.RemoteWebDriver.execute(RemoteWebDriver.java:501)
at org.openqa.selenium.remote.RemoteWebElement.execute(RemoteWebElement.java:238)
at org.openqa.selenium.remote.RemoteWebElement.click(RemoteWebElement.java:79)
at java.base/jdk.internal.reflect.NativeMethodAccessorImpl.invoke0(Native Method)
at java.base/jdk.internal.reflect.NativeMethodAccessorImpl.invoke(NativeMethodAccessorImpl.java:64)
at java.base/jdk.internal.reflect.DelegatingMethodAccessorImpl.invoke(DelegatingMethodAccessorImpl.java:43)
at java.base/java.lang.reflect.Method.invoke(Method.java:564)
at org.openqa.selenium.support.pagefactory.internal.LocatingElementHandler.invoke(LocatingElementHandler.java:52)
at com.sun.proxy.$Proxy20.click(Unknown Source)
at com.actitime.pom.Home_page.logoutmethod(Home_page.java:84)
at com.acttitime.generics.Basetest.logoutFromApp(Basetest.java:48)
at java.base/jdk.internal.reflect.NativeMethodAccessorImpl.invoke0(Native Method)
at java.base/jdk.internal.reflect.NativeMethodAccessorImpl.invoke(NativeMethodAccessorImpl.java:64)
at java.base/jdk.internal.reflect.DelegatingMethodAccessorImpl.invoke(DelegatingMethodAccessorImpl.java:43)
at java.base/java.lang.reflect.Method.invoke(Method.java:564)
at org.testng.internal.MethodInvocationHelper.invokeMethod(MethodInvocationHelper.java:124)
at org.testng.internal.MethodInvocationHelper.invokeMethodConsideringTimeout(MethodInvocationHelper.java:59)
at org.testng.internal.Invoker.invokeConfigurationMethod(Invoker.java:458)
at org.testng.internal.Invoker.invokeConfigurations(Invoker.java:222)
at org.testng.internal.Invoker.invokeMethod(Invoker.java:646)
at org.testng.internal.Invoker.invokeTestMethod(Invoker.java:719)
at org.testng.internal.Invoker.invokeTestMethods(Invoker.java:989)
at org.testng.internal.TestMethodWorker.invokeTestMethods(TestMethodWorker.java:125)
at org.testng.internal.TestMethodWorker.run(TestMethodWorker.java:109)
at org.testng.TestRunner.privateRun(TestRunner.java:648)
at org.testng.TestRunner.run(TestRunner.java:505)
at org.testng.SuiteRunner.runTest(SuiteRunner.java:455)
at org.testng.SuiteRunner.runSequentially(SuiteRunner.java:450)
at org.testng.SuiteRunner.privateRun(SuiteRunner.java:415)
at org.testng.SuiteRunner.run(SuiteRunner.java:364)
at org.testng.SuiteRunnerWorker.runSuite(SuiteRunnerWorker.java:52)
at org.testng.SuiteRunnerWorker.run(SuiteRunnerWorker.java:84)
at org.testng.TestNG.runSuitesSequentially(TestNG.java:1208)
at org.testng.TestNG.runSuitesLocally(TestNG.java:1137)
at org.testng.TestNG.runSuites(TestNG.java:1049)
at org.testng.TestNG.run(TestNG.java:1017)
at org.testng.remote.AbstractRemoteTestNG.run(AbstractRemoteTestNG.java:115)
at org.testng.remote.RemoteTestNG.initAndRun(RemoteTestNG.java:251)
at org.testng.remote.RemoteTestNG.main(RemoteTestNG.java:77)
]]>
            </full-stacktrace>
          </exception> <!-- org.openqa.selenium.ElementClickInterceptedException -->
          <reporter-output>
          </reporter-output>
        </test-method> <!-- logoutFromApp -->
        <test-method is-config="true" signature="teardown()[pri:0, instance:com.actitime.test.Test_deletecustomer@6c4980d3]" started-at="2021-06-24T18:11:23Z" name="teardown" finished-at="2021-06-24T18:11:23Z" duration-ms="0" status="SKIP">
          <reporter-output>
          </reporter-output>
        </test-method> <!-- teardown -->
      </class> <!-- com.actitime.test.Test_deletecustomer -->
      <class name="com.actitime.test.Test_editLeave">
        <test-method is-config="true" signature="setup()[pri:0, instance:com.actitime.test.Test_editLeave@38b27cdc]" started-at="2021-06-24T18:15:28Z" name="setup" finished-at="2021-06-24T18:15:50Z" duration-ms="21963" status="PASS">
          <reporter-output>
          </reporter-output>
        </test-method> <!-- setup -->
        <test-method is-config="true" signature="loginToApp()[pri:0, instance:com.actitime.test.Test_editLeave@38b27cdc]" started-at="2021-06-24T18:15:50Z" name="loginToApp" finished-at="2021-06-24T18:15:50Z" duration-ms="730" status="PASS">
          <reporter-output>
          </reporter-output>
        </test-method> <!-- loginToApp -->
        <test-method signature="editaleave()[pri:0, instance:com.actitime.test.Test_editLeave@38b27cdc]" started-at="2021-06-24T18:15:50Z" name="editaleave" finished-at="2021-06-24T18:16:06Z" duration-ms="15739" status="PASS">
          <reporter-output>
          </reporter-output>
        </test-method> <!-- editaleave -->
        <test-method is-config="true" signature="logoutFromApp()[pri:0, instance:com.actitime.test.Test_editLeave@38b27cdc]" started-at="2021-06-24T18:16:06Z" name="logoutFromApp" finished-at="2021-06-24T18:16:08Z" duration-ms="1828" status="PASS">
          <reporter-output>
          </reporter-output>
        </test-method> <!-- logoutFromApp -->
        <test-method is-config="true" signature="teardown()[pri:0, instance:com.actitime.test.Test_editLeave@38b27cdc]" started-at="2021-06-24T18:16:08Z" name="teardown" finished-at="2021-06-24T18:16:10Z" duration-ms="1493" status="PASS">
          <reporter-output>
          </reporter-output>
        </test-method> <!-- teardown -->
      </class> <!-- com.actitime.test.Test_editLeave -->
      <class name="com.actitime.test.Test_createcustomer">
        <test-method is-config="true" signature="setup()[pri:0, instance:com.actitime.test.Test_createcustomer@65b104b9]" started-at="2021-06-24T18:09:35Z" name="setup" finished-at="2021-06-24T18:10:10Z" duration-ms="35586" status="PASS">
          <reporter-output>
          </reporter-output>
        </test-method> <!-- setup -->
        <test-method is-config="true" signature="loginToApp()[pri:0, instance:com.actitime.test.Test_createcustomer@65b104b9]" started-at="2021-06-24T18:10:10Z" name="loginToApp" finished-at="2021-06-24T18:10:12Z" duration-ms="1527" status="PASS">
          <reporter-output>
          </reporter-output>
        </test-method> <!-- loginToApp -->
        <test-method signature="createacustomer()[pri:0, instance:com.actitime.test.Test_createcustomer@65b104b9]" started-at="2021-06-24T18:10:12Z" name="createacustomer" finished-at="2021-06-24T18:10:31Z" duration-ms="19442" status="PASS">
          <reporter-output>
          </reporter-output>
        </test-method> <!-- createacustomer -->
        <test-method is-config="true" signature="logoutFromApp()[pri:0, instance:com.actitime.test.Test_createcustomer@65b104b9]" started-at="2021-06-24T18:10:31Z" name="logoutFromApp" finished-at="2021-06-24T18:10:36Z" duration-ms="4853" status="PASS">
          <reporter-output>
          </reporter-output>
        </test-method> <!-- logoutFromApp -->
        <test-method is-config="true" signature="teardown()[pri:0, instance:com.actitime.test.Test_createcustomer@65b104b9]" started-at="2021-06-24T18:10:36Z" name="teardown" finished-at="2021-06-24T18:10:38Z" duration-ms="1848" status="PASS">
          <reporter-output>
          </reporter-output>
        </test-method> <!-- teardown -->
      </class> <!-- com.actitime.test.Test_createcustomer -->
      <class name="com.actitime.test.Test_editwork">
        <test-method is-config="true" signature="setup()[pri:0, instance:com.actitime.test.Test_editwork@19c65cdc]" started-at="2021-06-24T18:12:24Z" name="setup" finished-at="2021-06-24T18:12:47Z" duration-ms="22272" status="PASS">
          <reporter-output>
          </reporter-output>
        </test-method> <!-- setup -->
        <test-method is-config="true" signature="loginToApp()[pri:0, instance:com.actitime.test.Test_editwork@19c65cdc]" started-at="2021-06-24T18:12:47Z" name="loginToApp" finished-at="2021-06-24T18:12:48Z" duration-ms="950" status="PASS">
          <reporter-output>
          </reporter-output>
        </test-method> <!-- loginToApp -->
        <test-method signature="editawork()[pri:0, instance:com.actitime.test.Test_editwork@19c65cdc]" started-at="2021-06-24T18:12:48Z" name="editawork" finished-at="2021-06-24T18:13:32Z" duration-ms="44603" status="PASS">
          <reporter-output>
          </reporter-output>
        </test-method> <!-- editawork -->
        <test-method is-config="true" signature="logoutFromApp()[pri:0, instance:com.actitime.test.Test_editwork@19c65cdc]" started-at="2021-06-24T18:13:32Z" name="logoutFromApp" finished-at="2021-06-24T18:13:35Z" duration-ms="2859" status="PASS">
          <reporter-output>
          </reporter-output>
        </test-method> <!-- logoutFromApp -->
        <test-method is-config="true" signature="teardown()[pri:0, instance:com.actitime.test.Test_editwork@19c65cdc]" started-at="2021-06-24T18:13:35Z" name="teardown" finished-at="2021-06-24T18:13:52Z" duration-ms="16979" status="PASS">
          <reporter-output>
          </reporter-output>
        </test-method> <!-- teardown -->
      </class> <!-- com.actitime.test.Test_editwork -->
      <class name="com.actitime.test.Test_createLeave">
        <test-method is-config="true" signature="setup()[pri:0, instance:com.actitime.test.Test_createLeave@54504ecd]" started-at="2021-06-24T18:14:50Z" name="setup" finished-at="2021-06-24T18:15:11Z" duration-ms="20680" status="PASS">
          <reporter-output>
          </reporter-output>
        </test-method> <!-- setup -->
        <test-method is-config="true" signature="loginToApp()[pri:0, instance:com.actitime.test.Test_createLeave@54504ecd]" started-at="2021-06-24T18:15:11Z" name="loginToApp" finished-at="2021-06-24T18:15:11Z" duration-ms="667" status="PASS">
          <reporter-output>
          </reporter-output>
        </test-method> <!-- loginToApp -->
        <test-method signature="createaleave()[pri:0, instance:com.actitime.test.Test_createLeave@54504ecd]" started-at="2021-06-24T18:15:11Z" name="createaleave" finished-at="2021-06-24T18:15:24Z" duration-ms="12877" status="PASS">
          <reporter-output>
          </reporter-output>
        </test-method> <!-- createaleave -->
        <test-method is-config="true" signature="logoutFromApp()[pri:0, instance:com.actitime.test.Test_createLeave@54504ecd]" started-at="2021-06-24T18:15:24Z" name="logoutFromApp" finished-at="2021-06-24T18:15:26Z" duration-ms="2342" status="PASS">
          <reporter-output>
          </reporter-output>
        </test-method> <!-- logoutFromApp -->
        <test-method is-config="true" signature="teardown()[pri:0, instance:com.actitime.test.Test_createLeave@54504ecd]" started-at="2021-06-24T18:15:26Z" name="teardown" finished-at="2021-06-24T18:15:28Z" duration-ms="1345" status="PASS">
          <reporter-output>
          </reporter-output>
        </test-method> <!-- teardown -->
      </class> <!-- com.actitime.test.Test_createLeave -->
      <class name="com.actitime.test.Test_deleteLeave">
        <test-method is-config="true" signature="setup()[pri:0, instance:com.actitime.test.Test_deleteLeave@1339e7aa]" started-at="2021-06-24T18:16:10Z" name="setup" finished-at="2021-06-24T18:16:25Z" duration-ms="15863" status="PASS">
          <reporter-output>
          </reporter-output>
        </test-method> <!-- setup -->
        <test-method is-config="true" signature="loginToApp()[pri:0, instance:com.actitime.test.Test_deleteLeave@1339e7aa]" started-at="2021-06-24T18:16:25Z" name="loginToApp" finished-at="2021-06-24T18:16:26Z" duration-ms="787" status="PASS">
          <reporter-output>
          </reporter-output>
        </test-method> <!-- loginToApp -->
        <test-method signature="deletealeave()[pri:0, instance:com.actitime.test.Test_deleteLeave@1339e7aa]" started-at="2021-06-24T18:16:26Z" name="deletealeave" finished-at="2021-06-24T18:16:38Z" duration-ms="11959" status="PASS">
          <reporter-output>
          </reporter-output>
        </test-method> <!-- deletealeave -->
        <test-method is-config="true" signature="logoutFromApp()[pri:0, instance:com.actitime.test.Test_deleteLeave@1339e7aa]" started-at="2021-06-24T18:16:38Z" name="logoutFromApp" finished-at="2021-06-24T18:16:41Z" duration-ms="2883" status="PASS">
          <reporter-output>
          </reporter-output>
        </test-method> <!-- logoutFromApp -->
        <test-method is-config="true" signature="teardown()[pri:0, instance:com.actitime.test.Test_deleteLeave@1339e7aa]" started-at="2021-06-24T18:16:41Z" name="teardown" finished-at="2021-06-24T18:16:42Z" duration-ms="935" status="PASS">
          <reporter-output>
          </reporter-output>
        </test-method> <!-- teardown -->
      </class> <!-- com.actitime.test.Test_deleteLeave -->
      <class name="com.actitime.test.Test_login">
        <test-method is-config="true" signature="executionStart()[pri:0, instance:com.actitime.test.Test_login@3403e2ac]" started-at="2021-06-24T18:07:12Z" name="executionStart" finished-at="2021-06-24T18:07:12Z" duration-ms="17" status="PASS">
          <reporter-output>
          </reporter-output>
        </test-method> <!-- executionStart -->
        <test-method is-config="true" signature="setup()[pri:0, instance:com.actitime.test.Test_login@3403e2ac]" started-at="2021-06-24T18:07:12Z" name="setup" finished-at="2021-06-24T18:08:55Z" duration-ms="103156" status="PASS">
          <reporter-output>
          </reporter-output>
        </test-method> <!-- setup -->
        <test-method is-config="true" signature="loginToApp()[pri:0, instance:com.actitime.test.Test_login@3403e2ac]" started-at="2021-06-24T18:08:55Z" name="loginToApp" finished-at="2021-06-24T18:09:08Z" duration-ms="12908" status="PASS">
          <reporter-output>
          </reporter-output>
        </test-method> <!-- loginToApp -->
        <test-method signature="login()[pri:0, instance:com.actitime.test.Test_login@3403e2ac]" started-at="2021-06-24T18:09:08Z" name="login" finished-at="2021-06-24T18:09:08Z" duration-ms="8" status="PASS">
          <reporter-output>
          </reporter-output>
        </test-method> <!-- login -->
        <test-method is-config="true" signature="logoutFromApp()[pri:0, instance:com.actitime.test.Test_login@3403e2ac]" started-at="2021-06-24T18:09:08Z" name="logoutFromApp" finished-at="2021-06-24T18:09:33Z" duration-ms="24211" status="PASS">
          <reporter-output>
          </reporter-output>
        </test-method> <!-- logoutFromApp -->
        <test-method is-config="true" signature="teardown()[pri:0, instance:com.actitime.test.Test_login@3403e2ac]" started-at="2021-06-24T18:09:33Z" name="teardown" finished-at="2021-06-24T18:09:35Z" duration-ms="2265" status="PASS">
          <reporter-output>
          </reporter-output>
        </test-method> <!-- teardown -->
        <test-method is-config="true" signature="executionComp()[pri:0, instance:com.actitime.test.Test_login@3403e2ac]" started-at="2021-06-24T18:16:43Z" name="executionComp" finished-at="2021-06-24T18:16:43Z" duration-ms="0" status="PASS">
          <reporter-output>
          </reporter-output>
        </test-method> <!-- executionComp -->
      </class> <!-- com.actitime.test.Test_login -->
      <class name="com.actitime.test.Test_deletework">
        <test-method is-config="true" signature="setup()[pri:0, instance:com.actitime.test.Test_deletework@74bf1791]" started-at="2021-06-24T18:13:52Z" name="setup" finished-at="2021-06-24T18:14:23Z" duration-ms="30630" status="PASS">
          <reporter-output>
          </reporter-output>
        </test-method> <!-- setup -->
        <test-method is-config="true" signature="loginToApp()[pri:0, instance:com.actitime.test.Test_deletework@74bf1791]" started-at="2021-06-24T18:14:23Z" name="loginToApp" finished-at="2021-06-24T18:14:23Z" duration-ms="486" status="PASS">
          <reporter-output>
          </reporter-output>
        </test-method> <!-- loginToApp -->
        <test-method signature="deleteawork()[pri:0, instance:com.actitime.test.Test_deletework@74bf1791]" started-at="2021-06-24T18:14:23Z" name="deleteawork" finished-at="2021-06-24T18:14:40Z" duration-ms="17250" status="PASS">
          <reporter-output>
          </reporter-output>
        </test-method> <!-- deleteawork -->
        <test-method is-config="true" signature="logoutFromApp()[pri:0, instance:com.actitime.test.Test_deletework@74bf1791]" started-at="2021-06-24T18:14:41Z" name="logoutFromApp" finished-at="2021-06-24T18:14:45Z" duration-ms="4638" status="PASS">
          <reporter-output>
          </reporter-output>
        </test-method> <!-- logoutFromApp -->
        <test-method is-config="true" signature="teardown()[pri:0, instance:com.actitime.test.Test_deletework@74bf1791]" started-at="2021-06-24T18:14:45Z" name="teardown" finished-at="2021-06-24T18:14:50Z" duration-ms="4702" status="PASS">
          <reporter-output>
          </reporter-output>
        </test-method> <!-- teardown -->
      </class> <!-- com.actitime.test.Test_deletework -->
      <class name="com.actitime.test.Test_creatework">
        <test-method is-config="true" signature="setup()[pri:0, instance:com.actitime.test.Test_creatework@327bcebd]" started-at="2021-06-24T18:11:23Z" name="setup" finished-at="2021-06-24T18:11:55Z" duration-ms="32099" status="PASS">
          <reporter-output>
          </reporter-output>
        </test-method> <!-- setup -->
        <test-method is-config="true" signature="loginToApp()[pri:0, instance:com.actitime.test.Test_creatework@327bcebd]" started-at="2021-06-24T18:11:55Z" name="loginToApp" finished-at="2021-06-24T18:11:56Z" duration-ms="836" status="PASS">
          <reporter-output>
          </reporter-output>
        </test-method> <!-- loginToApp -->
        <test-method signature="createawork()[pri:0, instance:com.actitime.test.Test_creatework@327bcebd]" started-at="2021-06-24T18:11:56Z" name="createawork" finished-at="2021-06-24T18:12:19Z" duration-ms="22702" status="PASS">
          <reporter-output>
          </reporter-output>
        </test-method> <!-- createawork -->
        <test-method is-config="true" signature="logoutFromApp()[pri:0, instance:com.actitime.test.Test_creatework@327bcebd]" started-at="2021-06-24T18:12:19Z" name="logoutFromApp" finished-at="2021-06-24T18:12:22Z" duration-ms="3393" status="PASS">
          <reporter-output>
          </reporter-output>
        </test-method> <!-- logoutFromApp -->
        <test-method is-config="true" signature="teardown()[pri:0, instance:com.actitime.test.Test_creatework@327bcebd]" started-at="2021-06-24T18:12:22Z" name="teardown" finished-at="2021-06-24T18:12:24Z" duration-ms="2207" status="PASS">
          <reporter-output>
          </reporter-output>
        </test-method> <!-- teardown -->
      </class> <!-- com.actitime.test.Test_creatework -->
    </test> <!-- Test -->
  </suite> <!-- Suite -->
</testng-results>
